{
    "DOCUMENT_ROOT": "C:\\xampp\\htdocs\\plain-php-ecommerce",
    "REMOTE_ADDR": "::1",
    "REMOTE_PORT": "57225",
    "SERVER_SOFTWARE": "PHP 8.2.12 Development Server",
    "SERVER_PROTOCOL": "HTTP\/1.1",
    "SERVER_NAME": "localhost",
    "SERVER_PORT": "8000",
    "REQUEST_URI": "\/index.php",
    "REQUEST_METHOD": "GET",
    "SCRIPT_NAME": "\/index.php",
    "SCRIPT_FILENAME": "C:\\xampp\\htdocs\\plain-php-ecommerce\\index.php",
    "PHP_SELF": "\/index.php",
    "HTTP_HOST": "localhost:8000",
    "HTTP_CONNECTION": "keep-alive",
    "HTTP_SEC_CH_UA": "\"Not:A-Brand\";v=\"99\", \"Brave\";v=\"145\", \"Chromium\";v=\"145\"",
    "HTTP_SEC_CH_UA_MOBILE": "?0",
    "HTTP_SEC_CH_UA_PLATFORM": "\"Windows\"",
    "HTTP_UPGRADE_INSECURE_REQUESTS": "1",
    "HTTP_USER_AGENT": "Mozilla\/5.0 (Windows NT 10.0; Win64; x64) AppleWebKit\/537.36 (KHTML, like Gecko) Chrome\/145.0.0.0 Safari\/537.36",
    "HTTP_ACCEPT": "text\/html,application\/xhtml+xml,application\/xml;q=0.9,image\/avif,image\/webp,image\/apng,*\/*;q=0.8",
    "HTTP_SEC_GPC": "1",
    "HTTP_ACCEPT_LANGUAGE": "es-ES,es;q=0.9",
    "HTTP_SEC_FETCH_SITE": "same-origin",
    "HTTP_SEC_FETCH_MODE": "navigate",
    "HTTP_SEC_FETCH_USER": "?1",
    "HTTP_SEC_FETCH_DEST": "document",
    "HTTP_REFERER": "http:\/\/localhost:8000\/index.php?test=%3Cscript%3Ealert(1)%3C\/script%3E",
    "HTTP_ACCEPT_ENCODING": "gzip, deflate, br, zstd",
    "HTTP_COOKIE": "g_state={\"i_l\":0,\"i_ll\":1768852230435,\"i_b\":\"3HBxt3cE8cVlUfOiMjuTvocU0ylMSUCcbeHN9NaHfIY\",\"i_e\":{\"enable_itp_optimization\":0}}; PHPSESSID=m87c1rbi17anocon6fndcui7n0",
    "REQUEST_TIME_FLOAT": 1772434744.198883,
    "REQUEST_TIME": 1772434744,
    "writeable": true,
    "cookie": "true",
    "robot": 41,
    "encryption": true,
    "secret": true,
    "wp_root": "WordPress not found.",
    "cache_type": "nop",
    "x-forward": "no",
    "forward": "no",
    "cookies": 2,
    "domain_value": "localhost",
    "domain": "true",
    "configured": "true",
    "robot_file": "missing",
    "cache_keys": true
}